<?xml version="1.0" encoding="utf-8"?><testsuites><testsuite errors="0" failures="0" hostname="thinkpad" name="pytest" skipped="0" tests="1" time="0.113" timestamp="2020-05-09T21:37:45.411857"><testcase classname="tests.test_models" name="test_get_last_interval" time="0.036"></testcase></testsuite></testsuites>